<?xml version="1.0" encoding="UTF-8"?>
<TestRun id="fe9e3ab0-7656-4224-900e-13486bc218a0" name="Reid@ZION 2014-08-07 12:16:04" runUser="ZION\Reid" xmlns="http://microsoft.com/schemas/VisualStudio/TeamTest/2010">
  <TestSettings name="Default Test Settings" id="2770e14b-0c40-49b4-8fb8-7d4f32b1ed8e">
    <Execution>
      <TestTypeSpecific />
      <AgentRule name="Execution Agents">
      </AgentRule>
    </Execution>
    <Deployment runDeploymentRoot="Reid_ZION 2014-08-07 12_16_04" />
  </TestSettings>
  <Times creation="2014-08-07T12:16:04.1803526-05:00" queuing="2014-08-07T12:16:04.5213717-05:00" start="2014-08-07T12:16:04.5673742-05:00" finish="2014-08-07T12:16:05.5054235-05:00" />
  <ResultSummary outcome="Completed">
    <Counters total="12" executed="12" passed="12" error="0" failed="0" timeout="0" aborted="0" inconclusive="0" passedButRunAborted="0" notRunnable="0" notExecuted="0" disconnected="0" warning="0" completed="0" inProgress="0" pending="0" />
  </ResultSummary>
  <TestDefinitions>
    <UnitTest name="TestOrderServingPositions" storage="cmdlinewaitertests.dll" id="93f4e158-5682-9729-be6c-af61314b31fb">
      <Execution id="adce3566-a36a-4194-bfc6-73d36bf514cc" />
      <TestMethod codeBase="C:/Dev/Projects/GIT/TestingRepo/Grosvenor.Practicum.CmdLineWaiter/CmdLineWaiterTests/bin/x86/Release/cmdlinewaitertests.dll" adapterTypeName="Microsoft.VisualStudio.TestTools.TestTypes.Unit.UnitTestAdapter, Microsoft.VisualStudio.QualityTools.Tips.UnitTest.Adapter, Version=10.0.0.0, Culture=neutral, PublicKeyToken=b03f5f7f11d50a3a" className="CmdLineWaiterTests.FoodServerTester, CmdLineWaiterTests, Version=1.0.0.0, Culture=neutral, PublicKeyToken=null" name="TestOrderServingPositions" />
    </UnitTest>
    <UnitTest name="TestMultiPotatoDinnerCrazyOrder" storage="cmdlinewaitertests.dll" id="4a2048a1-121f-3c73-79a6-12ad8f39d9a6">
      <Execution id="1b3dd6f8-8a14-4341-a146-68305cac0490" />
      <TestMethod codeBase="C:/Dev/Projects/GIT/TestingRepo/Grosvenor.Practicum.CmdLineWaiter/CmdLineWaiterTests/bin/x86/Release/cmdlinewaitertests.dll" adapterTypeName="Microsoft.VisualStudio.TestTools.TestTypes.Unit.UnitTestAdapter, Microsoft.VisualStudio.QualityTools.Tips.UnitTest.Adapter, Version=10.0.0.0, Culture=neutral, PublicKeyToken=b03f5f7f11d50a3a" className="CmdLineWaiterTests.FoodServerTester, CmdLineWaiterTests, Version=1.0.0.0, Culture=neutral, PublicKeyToken=null" name="TestMultiPotatoDinnerCrazyOrder" />
    </UnitTest>
    <UnitTest name="TestDesertOrderForBreakfast" storage="cmdlinewaitertests.dll" id="7fc02348-89a1-e1bf-0d93-dceb7517c4b2">
      <Execution id="5db7b972-5be1-4a74-88a7-ee604f4f00f5" />
      <TestMethod codeBase="C:/Dev/Projects/GIT/TestingRepo/Grosvenor.Practicum.CmdLineWaiter/CmdLineWaiterTests/bin/x86/Release/cmdlinewaitertests.dll" adapterTypeName="Microsoft.VisualStudio.TestTools.TestTypes.Unit.UnitTestAdapter, Microsoft.VisualStudio.QualityTools.Tips.UnitTest.Adapter, Version=10.0.0.0, Culture=neutral, PublicKeyToken=b03f5f7f11d50a3a" className="CmdLineWaiterTests.FoodServerTester, CmdLineWaiterTests, Version=1.0.0.0, Culture=neutral, PublicKeyToken=null" name="TestDesertOrderForBreakfast" />
    </UnitTest>
    <UnitTest name="TestCreatingFullBreakfastOrder" storage="cmdlinewaitertests.dll" id="7fffa4e3-68b2-4b06-63b0-b242666e4044">
      <Execution id="cfd79c3a-46c0-4ec4-b646-64a907361df8" />
      <TestMethod codeBase="C:/Dev/Projects/GIT/TestingRepo/Grosvenor.Practicum.CmdLineWaiter/CmdLineWaiterTests/bin/x86/Release/cmdlinewaitertests.dll" adapterTypeName="Microsoft.VisualStudio.TestTools.TestTypes.Unit.UnitTestAdapter, Microsoft.VisualStudio.QualityTools.Tips.UnitTest.Adapter, Version=10.0.0.0, Culture=neutral, PublicKeyToken=b03f5f7f11d50a3a" className="CmdLineWaiterTests.FoodServerTester, CmdLineWaiterTests, Version=1.0.0.0, Culture=neutral, PublicKeyToken=null" name="TestCreatingFullBreakfastOrder" />
    </UnitTest>
    <UnitTest name="TestFullDinnerOrder" storage="cmdlinewaitertests.dll" id="33b0e076-6a59-4ef6-6f92-5ddbe0d15043">
      <Execution id="9382ec11-6fce-46c6-b60e-bfb6dd058c34" />
      <TestMethod codeBase="C:/Dev/Projects/GIT/TestingRepo/Grosvenor.Practicum.CmdLineWaiter/CmdLineWaiterTests/bin/x86/Release/cmdlinewaitertests.dll" adapterTypeName="Microsoft.VisualStudio.TestTools.TestTypes.Unit.UnitTestAdapter, Microsoft.VisualStudio.QualityTools.Tips.UnitTest.Adapter, Version=10.0.0.0, Culture=neutral, PublicKeyToken=b03f5f7f11d50a3a" className="CmdLineWaiterTests.FoodServerTester, CmdLineWaiterTests, Version=1.0.0.0, Culture=neutral, PublicKeyToken=null" name="TestFullDinnerOrder" />
    </UnitTest>
    <UnitTest name="TestDishesServingTimeAndPositionAreUnique" storage="cmdlinewaitertests.dll" id="98d924ae-333f-e022-784a-a696e64a9928">
      <Execution id="287b5ea5-5e04-4611-874c-2075fd09334a" />
      <TestMethod codeBase="C:/Dev/Projects/GIT/TestingRepo/Grosvenor.Practicum.CmdLineWaiter/CmdLineWaiterTests/bin/x86/Release/cmdlinewaitertests.dll" adapterTypeName="Microsoft.VisualStudio.TestTools.TestTypes.Unit.UnitTestAdapter, Microsoft.VisualStudio.QualityTools.Tips.UnitTest.Adapter, Version=10.0.0.0, Culture=neutral, PublicKeyToken=b03f5f7f11d50a3a" className="CmdLineWaiterTests.DinerServiceTester, CmdLineWaiterTests, Version=1.0.0.0, Culture=neutral, PublicKeyToken=null" name="TestDishesServingTimeAndPositionAreUnique" />
    </UnitTest>
    <UnitTest name="TestCreatingDoubleCoffeeOrder" storage="cmdlinewaitertests.dll" id="09847520-6350-4d63-7296-cdd66a77d0b7">
      <Execution id="a3749022-d2f1-4177-b345-c64ec556dc8a" />
      <TestMethod codeBase="C:/Dev/Projects/GIT/TestingRepo/Grosvenor.Practicum.CmdLineWaiter/CmdLineWaiterTests/bin/x86/Release/cmdlinewaitertests.dll" adapterTypeName="Microsoft.VisualStudio.TestTools.TestTypes.Unit.UnitTestAdapter, Microsoft.VisualStudio.QualityTools.Tips.UnitTest.Adapter, Version=10.0.0.0, Culture=neutral, PublicKeyToken=b03f5f7f11d50a3a" className="CmdLineWaiterTests.FoodServerTester, CmdLineWaiterTests, Version=1.0.0.0, Culture=neutral, PublicKeyToken=null" name="TestCreatingDoubleCoffeeOrder" />
    </UnitTest>
    <UnitTest name="TestDinerServiceSetup" storage="cmdlinewaitertests.dll" id="5a3ad648-e8e7-fb9b-6e30-f0d81035eade">
      <Execution id="645f00de-f4a5-471b-af8e-a285ee6c78c4" />
      <TestMethod codeBase="C:/Dev/Projects/GIT/TestingRepo/Grosvenor.Practicum.CmdLineWaiter/CmdLineWaiterTests/bin/x86/Release/cmdlinewaitertests.dll" adapterTypeName="Microsoft.VisualStudio.TestTools.TestTypes.Unit.UnitTestAdapter, Microsoft.VisualStudio.QualityTools.Tips.UnitTest.Adapter, Version=10.0.0.0, Culture=neutral, PublicKeyToken=b03f5f7f11d50a3a" className="CmdLineWaiterTests.DinerServiceTester, CmdLineWaiterTests, Version=1.0.0.0, Culture=neutral, PublicKeyToken=null" name="TestDinerServiceSetup" />
    </UnitTest>
    <UnitTest name="TestGettingDinnerDishes" storage="cmdlinewaitertests.dll" id="638f7476-81d8-8c10-b0fc-2988613d5bdb">
      <Execution id="3df2a3bb-6e58-4061-bf1e-23eac94fd717" />
      <TestMethod codeBase="C:/Dev/Projects/GIT/TestingRepo/Grosvenor.Practicum.CmdLineWaiter/CmdLineWaiterTests/bin/x86/Release/cmdlinewaitertests.dll" adapterTypeName="Microsoft.VisualStudio.TestTools.TestTypes.Unit.UnitTestAdapter, Microsoft.VisualStudio.QualityTools.Tips.UnitTest.Adapter, Version=10.0.0.0, Culture=neutral, PublicKeyToken=b03f5f7f11d50a3a" className="CmdLineWaiterTests.DinerServiceTester, CmdLineWaiterTests, Version=1.0.0.0, Culture=neutral, PublicKeyToken=null" name="TestGettingDinnerDishes" />
    </UnitTest>
    <UnitTest name="TestMultiPotatoDinnerOrder" storage="cmdlinewaitertests.dll" id="906f474b-7f25-f6f3-fd65-a03f962f5bcb">
      <Execution id="a74068d8-993c-4017-9a00-18f9f5cb9a82" />
      <TestMethod codeBase="C:/Dev/Projects/GIT/TestingRepo/Grosvenor.Practicum.CmdLineWaiter/CmdLineWaiterTests/bin/x86/Release/cmdlinewaitertests.dll" adapterTypeName="Microsoft.VisualStudio.TestTools.TestTypes.Unit.UnitTestAdapter, Microsoft.VisualStudio.QualityTools.Tips.UnitTest.Adapter, Version=10.0.0.0, Culture=neutral, PublicKeyToken=b03f5f7f11d50a3a" className="CmdLineWaiterTests.FoodServerTester, CmdLineWaiterTests, Version=1.0.0.0, Culture=neutral, PublicKeyToken=null" name="TestMultiPotatoDinnerOrder" />
    </UnitTest>
    <UnitTest name="TestGettingBreakfastDishes" storage="cmdlinewaitertests.dll" id="5333cfcc-1ae6-e9d4-caa3-03e26388dad3">
      <Execution id="a4078570-0f89-443f-831b-c9290e407203" />
      <TestMethod codeBase="C:/Dev/Projects/GIT/TestingRepo/Grosvenor.Practicum.CmdLineWaiter/CmdLineWaiterTests/bin/x86/Release/cmdlinewaitertests.dll" adapterTypeName="Microsoft.VisualStudio.TestTools.TestTypes.Unit.UnitTestAdapter, Microsoft.VisualStudio.QualityTools.Tips.UnitTest.Adapter, Version=10.0.0.0, Culture=neutral, PublicKeyToken=b03f5f7f11d50a3a" className="CmdLineWaiterTests.DinerServiceTester, CmdLineWaiterTests, Version=1.0.0.0, Culture=neutral, PublicKeyToken=null" name="TestGettingBreakfastDishes" />
    </UnitTest>
    <UnitTest name="TestCreatingAnOrder" storage="cmdlinewaitertests.dll" id="d007b9c8-5507-bdf1-8608-774e5695f47c">
      <Execution id="900e5337-c3d1-456d-bbed-e445a0069176" />
      <TestMethod codeBase="C:/Dev/Projects/GIT/TestingRepo/Grosvenor.Practicum.CmdLineWaiter/CmdLineWaiterTests/bin/x86/Release/cmdlinewaitertests.dll" adapterTypeName="Microsoft.VisualStudio.TestTools.TestTypes.Unit.UnitTestAdapter, Microsoft.VisualStudio.QualityTools.Tips.UnitTest.Adapter, Version=10.0.0.0, Culture=neutral, PublicKeyToken=b03f5f7f11d50a3a" className="CmdLineWaiterTests.FoodServerTester, CmdLineWaiterTests, Version=1.0.0.0, Culture=neutral, PublicKeyToken=null" name="TestCreatingAnOrder" />
    </UnitTest>
  </TestDefinitions>
  <TestLists>
    <TestList name="Results Not in a List" id="8c84fa94-04c1-424b-9868-57a2d4851a1d" />
    <TestList name="All Loaded Results" id="19431567-8539-422a-85d7-44ee4e166bda" />
  </TestLists>
  <TestEntries>
    <TestEntry testId="5a3ad648-e8e7-fb9b-6e30-f0d81035eade" executionId="645f00de-f4a5-471b-af8e-a285ee6c78c4" testListId="8c84fa94-04c1-424b-9868-57a2d4851a1d" />
    <TestEntry testId="98d924ae-333f-e022-784a-a696e64a9928" executionId="287b5ea5-5e04-4611-874c-2075fd09334a" testListId="8c84fa94-04c1-424b-9868-57a2d4851a1d" />
    <TestEntry testId="5333cfcc-1ae6-e9d4-caa3-03e26388dad3" executionId="a4078570-0f89-443f-831b-c9290e407203" testListId="8c84fa94-04c1-424b-9868-57a2d4851a1d" />
    <TestEntry testId="638f7476-81d8-8c10-b0fc-2988613d5bdb" executionId="3df2a3bb-6e58-4061-bf1e-23eac94fd717" testListId="8c84fa94-04c1-424b-9868-57a2d4851a1d" />
    <TestEntry testId="d007b9c8-5507-bdf1-8608-774e5695f47c" executionId="900e5337-c3d1-456d-bbed-e445a0069176" testListId="8c84fa94-04c1-424b-9868-57a2d4851a1d" />
    <TestEntry testId="09847520-6350-4d63-7296-cdd66a77d0b7" executionId="a3749022-d2f1-4177-b345-c64ec556dc8a" testListId="8c84fa94-04c1-424b-9868-57a2d4851a1d" />
    <TestEntry testId="7fffa4e3-68b2-4b06-63b0-b242666e4044" executionId="cfd79c3a-46c0-4ec4-b646-64a907361df8" testListId="8c84fa94-04c1-424b-9868-57a2d4851a1d" />
    <TestEntry testId="7fc02348-89a1-e1bf-0d93-dceb7517c4b2" executionId="5db7b972-5be1-4a74-88a7-ee604f4f00f5" testListId="8c84fa94-04c1-424b-9868-57a2d4851a1d" />
    <TestEntry testId="33b0e076-6a59-4ef6-6f92-5ddbe0d15043" executionId="9382ec11-6fce-46c6-b60e-bfb6dd058c34" testListId="8c84fa94-04c1-424b-9868-57a2d4851a1d" />
    <TestEntry testId="4a2048a1-121f-3c73-79a6-12ad8f39d9a6" executionId="1b3dd6f8-8a14-4341-a146-68305cac0490" testListId="8c84fa94-04c1-424b-9868-57a2d4851a1d" />
    <TestEntry testId="906f474b-7f25-f6f3-fd65-a03f962f5bcb" executionId="a74068d8-993c-4017-9a00-18f9f5cb9a82" testListId="8c84fa94-04c1-424b-9868-57a2d4851a1d" />
    <TestEntry testId="93f4e158-5682-9729-be6c-af61314b31fb" executionId="adce3566-a36a-4194-bfc6-73d36bf514cc" testListId="8c84fa94-04c1-424b-9868-57a2d4851a1d" />
  </TestEntries>
  <Results>
    <UnitTestResult executionId="645f00de-f4a5-471b-af8e-a285ee6c78c4" testId="5a3ad648-e8e7-fb9b-6e30-f0d81035eade" testName="TestDinerServiceSetup" computerName="ZION" duration="00:00:00.3785941" startTime="2014-08-07T12:16:04.5773695-05:00" endTime="2014-08-07T12:16:05.3104165-05:00" testType="13cdc9d9-ddb5-4fa4-a97d-d965ccfc6d4b" outcome="Passed" testListId="8c84fa94-04c1-424b-9868-57a2d4851a1d" relativeResultsDirectory="645f00de-f4a5-471b-af8e-a285ee6c78c4">
    </UnitTestResult>
    <UnitTestResult executionId="287b5ea5-5e04-4611-874c-2075fd09334a" testId="98d924ae-333f-e022-784a-a696e64a9928" testName="TestDishesServingTimeAndPositionAreUnique" computerName="ZION" duration="00:00:00.0427298" startTime="2014-08-07T12:16:05.3134119-05:00" endTime="2014-08-07T12:16:05.3584195-05:00" testType="13cdc9d9-ddb5-4fa4-a97d-d965ccfc6d4b" outcome="Passed" testListId="8c84fa94-04c1-424b-9868-57a2d4851a1d" relativeResultsDirectory="287b5ea5-5e04-4611-874c-2075fd09334a">
    </UnitTestResult>
    <UnitTestResult executionId="a4078570-0f89-443f-831b-c9290e407203" testId="5333cfcc-1ae6-e9d4-caa3-03e26388dad3" testName="TestGettingBreakfastDishes" computerName="ZION" duration="00:00:00.0038495" startTime="2014-08-07T12:16:05.3604152-05:00" endTime="2014-08-07T12:16:05.3674156-05:00" testType="13cdc9d9-ddb5-4fa4-a97d-d965ccfc6d4b" outcome="Passed" testListId="8c84fa94-04c1-424b-9868-57a2d4851a1d" relativeResultsDirectory="a4078570-0f89-443f-831b-c9290e407203">
    </UnitTestResult>
    <UnitTestResult executionId="3df2a3bb-6e58-4061-bf1e-23eac94fd717" testId="638f7476-81d8-8c10-b0fc-2988613d5bdb" testName="TestGettingDinnerDishes" computerName="ZION" duration="00:00:00.0036036" startTime="2014-08-07T12:16:05.3694156-05:00" endTime="2014-08-07T12:16:05.3764209-05:00" testType="13cdc9d9-ddb5-4fa4-a97d-d965ccfc6d4b" outcome="Passed" testListId="8c84fa94-04c1-424b-9868-57a2d4851a1d" relativeResultsDirectory="3df2a3bb-6e58-4061-bf1e-23eac94fd717">
    </UnitTestResult>
    <UnitTestResult executionId="900e5337-c3d1-456d-bbed-e445a0069176" testId="d007b9c8-5507-bdf1-8608-774e5695f47c" testName="TestCreatingAnOrder" computerName="ZION" duration="00:00:00.0114263" startTime="2014-08-07T12:16:05.3784160-05:00" endTime="2014-08-07T12:16:05.3934215-05:00" testType="13cdc9d9-ddb5-4fa4-a97d-d965ccfc6d4b" outcome="Passed" testListId="8c84fa94-04c1-424b-9868-57a2d4851a1d" relativeResultsDirectory="900e5337-c3d1-456d-bbed-e445a0069176">
    </UnitTestResult>
    <UnitTestResult executionId="a3749022-d2f1-4177-b345-c64ec556dc8a" testId="09847520-6350-4d63-7296-cdd66a77d0b7" testName="TestCreatingDoubleCoffeeOrder" computerName="ZION" duration="00:00:00.0180170" startTime="2014-08-07T12:16:05.3954172-05:00" endTime="2014-08-07T12:16:05.4174230-05:00" testType="13cdc9d9-ddb5-4fa4-a97d-d965ccfc6d4b" outcome="Passed" testListId="8c84fa94-04c1-424b-9868-57a2d4851a1d" relativeResultsDirectory="a3749022-d2f1-4177-b345-c64ec556dc8a">
    </UnitTestResult>
    <UnitTestResult executionId="cfd79c3a-46c0-4ec4-b646-64a907361df8" testId="7fffa4e3-68b2-4b06-63b0-b242666e4044" testName="TestCreatingFullBreakfastOrder" computerName="ZION" duration="00:00:00.0045153" startTime="2014-08-07T12:16:05.4194182-05:00" endTime="2014-08-07T12:16:05.4274242-05:00" testType="13cdc9d9-ddb5-4fa4-a97d-d965ccfc6d4b" outcome="Passed" testListId="8c84fa94-04c1-424b-9868-57a2d4851a1d" relativeResultsDirectory="cfd79c3a-46c0-4ec4-b646-64a907361df8">
    </UnitTestResult>
    <UnitTestResult executionId="5db7b972-5be1-4a74-88a7-ee604f4f00f5" testId="7fc02348-89a1-e1bf-0d93-dceb7517c4b2" testName="TestDesertOrderForBreakfast" computerName="ZION" duration="00:00:00.0047045" startTime="2014-08-07T12:16:05.4294184-05:00" endTime="2014-08-07T12:16:05.4364203-05:00" testType="13cdc9d9-ddb5-4fa4-a97d-d965ccfc6d4b" outcome="Passed" testListId="8c84fa94-04c1-424b-9868-57a2d4851a1d" relativeResultsDirectory="5db7b972-5be1-4a74-88a7-ee604f4f00f5">
    </UnitTestResult>
    <UnitTestResult executionId="9382ec11-6fce-46c6-b60e-bfb6dd058c34" testId="33b0e076-6a59-4ef6-6f92-5ddbe0d15043" testName="TestFullDinnerOrder" computerName="ZION" duration="00:00:00.0043980" startTime="2014-08-07T12:16:05.4394196-05:00" endTime="2014-08-07T12:16:05.4474247-05:00" testType="13cdc9d9-ddb5-4fa4-a97d-d965ccfc6d4b" outcome="Passed" testListId="8c84fa94-04c1-424b-9868-57a2d4851a1d" relativeResultsDirectory="9382ec11-6fce-46c6-b60e-bfb6dd058c34">
    </UnitTestResult>
    <UnitTestResult executionId="1b3dd6f8-8a14-4341-a146-68305cac0490" testId="4a2048a1-121f-3c73-79a6-12ad8f39d9a6" testName="TestMultiPotatoDinnerCrazyOrder" computerName="ZION" duration="00:00:00.0052990" startTime="2014-08-07T12:16:05.4494208-05:00" endTime="2014-08-07T12:16:05.4594254-05:00" testType="13cdc9d9-ddb5-4fa4-a97d-d965ccfc6d4b" outcome="Passed" testListId="8c84fa94-04c1-424b-9868-57a2d4851a1d" relativeResultsDirectory="1b3dd6f8-8a14-4341-a146-68305cac0490">
    </UnitTestResult>
    <UnitTestResult executionId="a74068d8-993c-4017-9a00-18f9f5cb9a82" testId="906f474b-7f25-f6f3-fd65-a03f962f5bcb" testName="TestMultiPotatoDinnerOrder" computerName="ZION" duration="00:00:00.0045486" startTime="2014-08-07T12:16:05.4624213-05:00" endTime="2014-08-07T12:16:05.4694291-05:00" testType="13cdc9d9-ddb5-4fa4-a97d-d965ccfc6d4b" outcome="Passed" testListId="8c84fa94-04c1-424b-9868-57a2d4851a1d" relativeResultsDirectory="a74068d8-993c-4017-9a00-18f9f5cb9a82">
    </UnitTestResult>
    <UnitTestResult executionId="adce3566-a36a-4194-bfc6-73d36bf514cc" testId="93f4e158-5682-9729-be6c-af61314b31fb" testName="TestOrderServingPositions" computerName="ZION" duration="00:00:00.0040939" startTime="2014-08-07T12:16:05.4724225-05:00" endTime="2014-08-07T12:16:05.4804266-05:00" testType="13cdc9d9-ddb5-4fa4-a97d-d965ccfc6d4b" outcome="Passed" testListId="8c84fa94-04c1-424b-9868-57a2d4851a1d" relativeResultsDirectory="adce3566-a36a-4194-bfc6-73d36bf514cc">
    </UnitTestResult>
  </Results>
</TestRun>